<?xml version="1.0" encoding="UTF-8"?>
<testng-results skipped="0" failed="0" total="1" passed="1">
  <reporter-output>
  </reporter-output>
  <suite name="Default suite" duration-ms="12074" started-at="2018-08-25T03:07:47Z" finished-at="2018-08-25T03:07:59Z">
    <groups>
    </groups>
    <test name="Default test" duration-ms="12074" started-at="2018-08-25T03:07:47Z" finished-at="2018-08-25T03:07:59Z">
      <class name="testSuites.findHUITAI">
        <test-method status="PASS" signature="findStart()[pri:0, instance:testSuites.findHUITAI@1684286]" name="findStart" duration-ms="12064" started-at="2018-08-25T11:07:47Z" finished-at="2018-08-25T11:07:59Z">
          <reporter-output>
          </reporter-output>
        </test-method> <!-- findStart -->
      </class> <!-- testSuites.findHUITAI -->
    </test> <!-- Default test -->
  </suite> <!-- Default suite -->
</testng-results>
