<?xml version="1.0" encoding="UTF-8"?>
<testng-results skipped="0" failed="0" total="1" passed="1">
  <reporter-output>
  </reporter-output>
  <suite name="Default suite" duration-ms="10392" started-at="2018-08-03T14:20:47Z" finished-at="2018-08-03T14:20:58Z">
    <groups>
    </groups>
    <test name="Default test" duration-ms="10392" started-at="2018-08-03T14:20:47Z" finished-at="2018-08-03T14:20:58Z">
      <class name="testSuites.mailTestCase1">
        <test-method status="PASS" signature="testCaseMail()[pri:0, instance:testSuites.mailTestCase1@e6e9c3]" name="testCaseMail" duration-ms="10382" started-at="2018-08-03T22:20:47Z" finished-at="2018-08-03T22:20:58Z">
          <reporter-output>
          </reporter-output>
        </test-method> <!-- testCaseMail -->
      </class> <!-- testSuites.mailTestCase1 -->
    </test> <!-- Default test -->
  </suite> <!-- Default suite -->
</testng-results>
